Using pre-set license
Built from '2020.3/staging' branch; Version is '2020.3.4f1 (0abb6314276a) revision 703331'; Using compiler version '192528614'; Build Type 'Release'
OS: 'Windows 10 Education; OS build 19042.928; Version 2009; 64bit' Language: 'en' Physical Memory: 65433 MB
BatchMode: 1, IsHumanControllingUs: 0, StartBugReporterOnCrash: 0, Is64bit: 1, IsPro: 0

 COMMAND LINE ARGUMENTS:
D:\Unity\2020.3.4f1\Editor\Unity.exe
-adb2
-batchMode
-noUpm
-name
AssetImportWorker0
-projectPath
E:/Studio4/DNA/AR-Chemistry-Project/HoloLenseDNA
-logFile
Logs/AssetImportWorker0.log
-srvPort
54557
Successfully changed project path to: E:/Studio4/DNA/AR-Chemistry-Project/HoloLenseDNA
E:/Studio4/DNA/AR-Chemistry-Project/HoloLenseDNA
Using Asset Import Pipeline V2.
Refreshing native plugins compatible for Editor in 94.59 ms, found 8 plugins.
Preloading 2 native plugins for Editor in 10.36 ms.
Initialize engine version: 2020.3.4f1 (0abb6314276a)
[Subsystems] Discovering subsystems at path D:/Unity/2020.3.4f1/Editor/Data/Resources/UnitySubsystems
[Subsystems] Discovering subsystems at path E:/Studio4/DNA/AR-Chemistry-Project/HoloLenseDNA/Assets
GfxDevice: creating device client; threaded=0
Direct3D:
    Version:  Direct3D 11.0 [level 11.1]
    Renderer: NVIDIA GeForce RTX 2080 SUPER (ID=0x1e81)
    Vendor:   
    VRAM:     8010 MB
    Driver:   27.21.14.6172
Initialize mono
Mono path[0] = 'D:/Unity/2020.3.4f1/Editor/Data/Managed'
Mono path[1] = 'D:/Unity/2020.3.4f1/Editor/Data/MonoBleedingEdge/lib/mono/unityjit'
Mono config path = 'D:/Unity/2020.3.4f1/Editor/Data/MonoBleedingEdge/etc'
Using monoOptions --debugger-agent=transport=dt_socket,embedding=1,server=y,suspend=n,address=127.0.0.1:56152
Begin MonoManager ReloadAssembly
Registering precompiled unity dll's ...
Register platform support module: D:/Unity/2020.3.4f1/Editor/Data/PlaybackEngines/WebGLSupport/UnityEditor.WebGL.Extensions.dll
Register platform support module: D:/Unity/2020.3.4f1/Editor/Data/PlaybackEngines/WindowsStandaloneSupport/UnityEditor.WindowsStandalone.Extensions.dll
Registered in 0.001725 seconds.
Native extension for WindowsStandalone target not found
Native extension for WebGL target not found
Refreshing native plugins compatible for Editor in 69.62 ms, found 8 plugins.
Preloading 2 native plugins for Editor in 0.13 ms.
Mono: successfully reloaded assembly
- Completed reload, in  2.766 seconds
Platform modules already initialized, skipping
Registering precompiled user dll's ...
Registered in 0.008014 seconds.
Begin MonoManager ReloadAssembly
Native extension for WindowsStandalone target not found
Native extension for WebGL target not found
Refreshing native plugins compatible for Editor in 69.08 ms, found 8 plugins.
Preloading 2 native plugins for Editor in 0.13 ms.
Mono: successfully reloaded assembly
- Completed reload, in  1.962 seconds
Platform modules already initialized, skipping
========================================================================
Worker process is ready to serve import requests
Launched and connected shader compiler UnityShaderCompiler.exe after 0.06 seconds
Refreshing native plugins compatible for Editor in 1.27 ms, found 8 plugins.
Preloading 2 native plugins for Editor in 0.11 ms.
Unloading 2901 Unused Serialized files (Serialized files now loaded: 0)
System memory in use before: 119.5 MB.
System memory in use after: 119.3 MB.

Unloading 72 unused Assets to reduce memory usage. Loaded Objects now: 3294.
Total: 3.349300 ms (FindLiveObjects: 0.374000 ms CreateObjectMapping: 0.085400 ms MarkObjects: 2.672700 ms  DeleteObjects: 0.215800 ms)

========================================================================
Received Import Request.
  path: Packages/com.microsoft.azure.spatial-anchors-sdk.core/ThirdPartyNotices.md
  artifactKey: Guid(971c34e4eb4474cc1b2285d9fb641f25) Importer(815301076,1909f56bfc062723c751e8b465ee728b)
Start importing Packages/com.microsoft.azure.spatial-anchors-sdk.core/ThirdPartyNotices.md using Guid(971c34e4eb4474cc1b2285d9fb641f25) Importer(815301076,1909f56bfc062723c751e8b465ee728b)  -> (artifact id: '26b7fbc78dfdad2081a98b97ce4bc065') in 0.046561 seconds
  Import took 0.051997 seconds .

========================================================================
Received Import Request.
  Time since last request: 0.000237 seconds.
  path: Packages/com.microsoft.azure.spatial-anchors-sdk.core/LICENSE.md
  artifactKey: Guid(0f7e25a39450b4439a6a6536d5319ed8) Importer(815301076,1909f56bfc062723c751e8b465ee728b)
Start importing Packages/com.microsoft.azure.spatial-anchors-sdk.core/LICENSE.md using Guid(0f7e25a39450b4439a6a6536d5319ed8) Importer(815301076,1909f56bfc062723c751e8b465ee728b)  -> (artifact id: 'a932f11e890083ee07db0fa13543cdc6') in 0.011408 seconds
  Import took 0.016194 seconds .

AssetImportWorkerClient::OnTransportError - code=2 error=End of file
