Using pre-set license
Built from '2020.3/staging' branch; Version is '2020.3.4f1 (0abb6314276a) revision 703331'; Using compiler version '192528614'; Build Type 'Release'
OS: 'Windows 10 Education; OS build 19042.928; Version 2009; 64bit' Language: 'en' Physical Memory: 65433 MB
BatchMode: 1, IsHumanControllingUs: 0, StartBugReporterOnCrash: 0, Is64bit: 1, IsPro: 0

 COMMAND LINE ARGUMENTS:
D:\Unity\2020.3.4f1\Editor\Unity.exe
-adb2
-batchMode
-noUpm
-name
AssetImportWorker1
-projectPath
E:/Studio4/DNA/AR-Chemistry-Project/HoloLenseDNA
-logFile
Logs/AssetImportWorker1.log
-srvPort
61080
Successfully changed project path to: E:/Studio4/DNA/AR-Chemistry-Project/HoloLenseDNA
E:/Studio4/DNA/AR-Chemistry-Project/HoloLenseDNA
Using Asset Import Pipeline V2.
Refreshing native plugins compatible for Editor in 62.81 ms, found 6 plugins.
Preloading 1 native plugins for Editor in 0.90 ms.
Initialize engine version: 2020.3.4f1 (0abb6314276a)
[Subsystems] Discovering subsystems at path D:/Unity/2020.3.4f1/Editor/Data/Resources/UnitySubsystems
[Subsystems] Discovering subsystems at path E:/Studio4/DNA/AR-Chemistry-Project/HoloLenseDNA/Assets
GfxDevice: creating device client; threaded=0
Direct3D:
    Version:  Direct3D 11.0 [level 11.1]
    Renderer: NVIDIA GeForce RTX 2080 SUPER (ID=0x1e81)
    Vendor:   
    VRAM:     8010 MB
    Driver:   27.21.14.6172
Initialize mono
Mono path[0] = 'D:/Unity/2020.3.4f1/Editor/Data/Managed'
Mono path[1] = 'D:/Unity/2020.3.4f1/Editor/Data/MonoBleedingEdge/lib/mono/unityjit'
Mono config path = 'D:/Unity/2020.3.4f1/Editor/Data/MonoBleedingEdge/etc'
Using monoOptions --debugger-agent=transport=dt_socket,embedding=1,server=y,suspend=n,address=127.0.0.1:56644
Begin MonoManager ReloadAssembly
Registering precompiled unity dll's ...
Register platform support module: D:/Unity/2020.3.4f1/Editor/Data/PlaybackEngines/WebGLSupport/UnityEditor.WebGL.Extensions.dll
Register platform support module: D:/Unity/2020.3.4f1/Editor/Data/PlaybackEngines/WindowsStandaloneSupport/UnityEditor.WindowsStandalone.Extensions.dll
Registered in 0.001631 seconds.
Native extension for WindowsStandalone target not found
Native extension for WebGL target not found
Refreshing native plugins compatible for Editor in 60.09 ms, found 6 plugins.
Preloading 1 native plugins for Editor in 0.09 ms.
Mono: successfully reloaded assembly
- Completed reload, in  2.718 seconds
Platform modules already initialized, skipping
Registering precompiled user dll's ...
Registered in 0.003527 seconds.
Begin MonoManager ReloadAssembly
Native extension for WindowsStandalone target not found
Native extension for WebGL target not found
Refreshing native plugins compatible for Editor in 59.27 ms, found 6 plugins.
Preloading 1 native plugins for Editor in 0.07 ms.
Mono: successfully reloaded assembly
- Completed reload, in  2.229 seconds
Platform modules already initialized, skipping
========================================================================
Worker process is ready to serve import requests
Launched and connected shader compiler UnityShaderCompiler.exe after 0.08 seconds
Refreshing native plugins compatible for Editor in 0.76 ms, found 6 plugins.
Preloading 1 native plugins for Editor in 0.07 ms.
Unloading 2591 Unused Serialized files (Serialized files now loaded: 0)
System memory in use before: 108.3 MB.
System memory in use after: 108.1 MB.

Unloading 28 unused Assets to reduce memory usage. Loaded Objects now: 3027.
Total: 2.751800 ms (FindLiveObjects: 0.336600 ms CreateObjectMapping: 0.074600 ms MarkObjects: 2.171500 ms  DeleteObjects: 0.167900 ms)

========================================================================
Received Import Request.
  path: Assets/Prefab/A-DNA(B).fbx
  artifactKey: Guid(ae251da797b26674bb910cd1baa5b01d) Importer(815301076,1909f56bfc062723c751e8b465ee728b)
Start importing Assets/Prefab/A-DNA(B).fbx using Guid(ae251da797b26674bb910cd1baa5b01d) Importer(815301076,1909f56bfc062723c751e8b465ee728b)  -> (artifact id: '85d0055e3f9ad0a4e2e7913d0660f049') in 1.801696 seconds
  Import took 1.808966 seconds .

========================================================================
Received Import Request.
  Time since last request: 0.000228 seconds.
  path: Assets/Prefab/355d.fbx
  artifactKey: Guid(97bd4201114373342b1ca0c5f5393112) Importer(815301076,1909f56bfc062723c751e8b465ee728b)
Start importing Assets/Prefab/355d.fbx using Guid(97bd4201114373342b1ca0c5f5393112) Importer(815301076,1909f56bfc062723c751e8b465ee728b)  -> (artifact id: '03e7fc6db13a1541e9faefff6dc5032e') in 5.388673 seconds
  Import took 5.409079 seconds .

========================================================================
Received Import Request.
  Time since last request: 0.000238 seconds.
  path: Assets/Prefab/2d47.fbx
  artifactKey: Guid(40f4c44525b55104584c31ef12a4f15a) Importer(815301076,1909f56bfc062723c751e8b465ee728b)
Start importing Assets/Prefab/2d47.fbx using Guid(40f4c44525b55104584c31ef12a4f15a) Importer(815301076,1909f56bfc062723c751e8b465ee728b)  -> (artifact id: '6a113e10152d824512a96867244419f0') in 5.041432 seconds
  Import took 5.061858 seconds .

========================================================================
Received Import Request.
  Time since last request: 0.000236 seconds.
  path: Assets/Prefab/B-DNA.fbx
  artifactKey: Guid(5ddbe153fe3fabe4ba9f880b67f4b4a6) Importer(815301076,1909f56bfc062723c751e8b465ee728b)
Start importing Assets/Prefab/B-DNA.fbx using Guid(5ddbe153fe3fabe4ba9f880b67f4b4a6) Importer(815301076,1909f56bfc062723c751e8b465ee728b)  -> (artifact id: 'd07a5cfafe649b9e799c9a2d60074262') in 2.413036 seconds
  Import took 2.421384 seconds .

========================================================================
Received Import Request.
  Time since last request: 0.000236 seconds.
  path: Assets/Prefab/Z-DNA.fbx
  artifactKey: Guid(61e34e51e0670e347939974f7285176b) Importer(815301076,1909f56bfc062723c751e8b465ee728b)
Start importing Assets/Prefab/Z-DNA.fbx using Guid(61e34e51e0670e347939974f7285176b) Importer(815301076,1909f56bfc062723c751e8b465ee728b)  -> (artifact id: '6db0a27d1893dd3b84044d234b4c8444') in 5.758601 seconds
  Import took 5.772618 seconds .

========================================================================
Received Import Request.
  Time since last request: 241.205132 seconds.
  path: Assets/Prefab/A-DNA(B).fbx
  artifactKey: Guid(ae251da797b26674bb910cd1baa5b01d) Importer(815301076,1909f56bfc062723c751e8b465ee728b)
Start importing Assets/Prefab/A-DNA(B).fbx using Guid(ae251da797b26674bb910cd1baa5b01d) Importer(815301076,1909f56bfc062723c751e8b465ee728b)  -> (artifact id: '78502a18b2bb6e9e9f844978cc0566e0') in 1.729940 seconds
  Import took 1.737748 seconds .

========================================================================
Received Import Request.
  Time since last request: 0.000446 seconds.
  path: Assets/Prefab/B-DNA.fbx
  artifactKey: Guid(5ddbe153fe3fabe4ba9f880b67f4b4a6) Importer(815301076,1909f56bfc062723c751e8b465ee728b)
Start importing Assets/Prefab/B-DNA.fbx using Guid(5ddbe153fe3fabe4ba9f880b67f4b4a6) Importer(815301076,1909f56bfc062723c751e8b465ee728b)  -> (artifact id: '5273d2ce108d8f21429f911df021f549') in 2.413457 seconds
  Import took 2.421578 seconds .

========================================================================
Received Import Request.
  Time since last request: 103.713185 seconds.
  path: Assets/Prefab/A-DNA(B).fbx
  artifactKey: Guid(ae251da797b26674bb910cd1baa5b01d) Importer(815301076,1909f56bfc062723c751e8b465ee728b)
Start importing Assets/Prefab/A-DNA(B).fbx using Guid(ae251da797b26674bb910cd1baa5b01d) Importer(815301076,1909f56bfc062723c751e8b465ee728b)  -> (artifact id: '1886ce2becdf8cce4639ce665af1fcac') in 1.713466 seconds
  Import took 1.720808 seconds .

========================================================================
Received Import Request.
  Time since last request: 0.000235 seconds.
  path: Assets/Prefab/B-DNA.fbx
  artifactKey: Guid(5ddbe153fe3fabe4ba9f880b67f4b4a6) Importer(815301076,1909f56bfc062723c751e8b465ee728b)
Start importing Assets/Prefab/B-DNA.fbx using Guid(5ddbe153fe3fabe4ba9f880b67f4b4a6) Importer(815301076,1909f56bfc062723c751e8b465ee728b)  -> (artifact id: '8d3e9020b815308ce032a823969dc683') in 2.389953 seconds
  Import took 2.398196 seconds .

========================================================================
Received Import Request.
  Time since last request: 0.000311 seconds.
  path: Assets/Prefab/Z-DNA.fbx
  artifactKey: Guid(61e34e51e0670e347939974f7285176b) Importer(815301076,1909f56bfc062723c751e8b465ee728b)
Start importing Assets/Prefab/Z-DNA.fbx using Guid(61e34e51e0670e347939974f7285176b) Importer(815301076,1909f56bfc062723c751e8b465ee728b)  -> (artifact id: '7a91ca401c5a14ac8fa3beb52c87325e') in 6.021983 seconds
  Import took 6.036323 seconds .

========================================================================
Received Import Request.
  Time since last request: 53.849218 seconds.
  path: Assets/Prefab/A-DNA(B).prefab
  artifactKey: Guid(00365e8522d34f94faee011d5b546504) Importer(815301076,1909f56bfc062723c751e8b465ee728b)
Start importing Assets/Prefab/A-DNA(B).prefab using Guid(00365e8522d34f94faee011d5b546504) Importer(815301076,1909f56bfc062723c751e8b465ee728b)  -> (artifact id: 'c3cb2c1db6b316f5ab5a99bc3ce421bd') in 0.056315 seconds
  Import took 0.063628 seconds .

========================================================================
Received Import Request.
  Time since last request: 72.109618 seconds.
  path: Assets/Prefab/B-DNA.prefab
  artifactKey: Guid(b7900e85ceb7ef941b449da0889f1edb) Importer(815301076,1909f56bfc062723c751e8b465ee728b)
Start importing Assets/Prefab/B-DNA.prefab using Guid(b7900e85ceb7ef941b449da0889f1edb) Importer(815301076,1909f56bfc062723c751e8b465ee728b)  -> (artifact id: '969072af5b71a7e929596486e5e6e900') in 0.054720 seconds
  Import took 0.063227 seconds .

========================================================================
Received Import Request.
  Time since last request: 68.046007 seconds.
  path: Assets/Prefab/Z-DNA.prefab
  artifactKey: Guid(3b28fcbc1a08ea0449bf1621bccb5716) Importer(815301076,1909f56bfc062723c751e8b465ee728b)
Start importing Assets/Prefab/Z-DNA.prefab using Guid(3b28fcbc1a08ea0449bf1621bccb5716) Importer(815301076,1909f56bfc062723c751e8b465ee728b)  -> (artifact id: '811279f250834854dc259549fd522fd1') in 0.122883 seconds
  Import took 0.137186 seconds .

========================================================================
Received Import Request.
  Time since last request: 245.856067 seconds.
  path: Assets
  artifactKey: Guid(00000000000000001000000000000000) Importer(815301076,1909f56bfc062723c751e8b465ee728b)
Start importing Assets using Guid(00000000000000001000000000000000) Importer(815301076,1909f56bfc062723c751e8b465ee728b)  -> (artifact id: '025e4f587c23674256bb898581e82961') in 0.006631 seconds
  Import took 0.011150 seconds .

========================================================================
Received Import Request.
  Time since last request: 6.058931 seconds.
  path: Assets/NewBehaviourScript.cs
  artifactKey: Guid(2b8c57c598fac5a4e834da95332e4b6a) Importer(815301076,1909f56bfc062723c751e8b465ee728b)
Start importing Assets/NewBehaviourScript.cs using Guid(2b8c57c598fac5a4e834da95332e4b6a) Importer(815301076,1909f56bfc062723c751e8b465ee728b)  -> (artifact id: '3ca34153a8b4272aed1ff0845edfe3de') in 0.013353 seconds
  Import took 0.017725 seconds .

========================================================================
Received Prepare
Registering precompiled user dll's ...
Registered in 0.003512 seconds.
Begin MonoManager ReloadAssembly
Native extension for WindowsStandalone target not found
Native extension for WebGL target not found
Refreshing native plugins compatible for Editor in 0.79 ms, found 6 plugins.
Preloading 1 native plugins for Editor in 0.08 ms.
Error when attempting to update scene info fields. Scene info data may be stale.
UnityEngine.StackTraceUtility:ExtractStackTrace ()
UnityEngine.DebugLogHandler:LogFormat (UnityEngine.LogType,UnityEngine.Object,string,object[])
UnityEngine.Logger:Log (UnityEngine.LogType,object)
UnityEngine.Debug:LogWarning (object)
Microsoft.MixedReality.Toolkit.Editor.SceneInfoUtils:RefreshSceneInfoFieldsInScriptableObjects () (at Library/PackageCache/com.microsoft.mixedreality.toolkit.foundation@3cf52e372918-1619466118454/Core/Inspectors/PropertyDrawers/SceneInfoUtils.cs:313)
Microsoft.MixedReality.Toolkit.Editor.SceneInfoUtils:InitializeOnLoad () (at Library/PackageCache/com.microsoft.mixedreality.toolkit.foundation@3cf52e372918-1619466118454/Core/Inspectors/PropertyDrawers/SceneInfoUtils.cs:231)

(Filename: Library/PackageCache/com.microsoft.mixedreality.toolkit.foundation@3cf52e372918-1619466118454/Core/Inspectors/PropertyDrawers/SceneInfoUtils.cs Line: 313)

Mono: successfully reloaded assembly
- Completed reload, in  1.522 seconds
Platform modules already initialized, skipping
Switching build target platform(5) subTarget(0) extendedPlatform(0) -> platform(21) subTarget(0) extendedPlatform(0)
Refreshing native plugins compatible for Editor in 0.78 ms, found 6 plugins.
Preloading 1 native plugins for Editor in 0.07 ms.
Unloading 2537 Unused Serialized files (Serialized files now loaded: 0)
System memory in use before: 120.7 MB.
System memory in use after: 120.5 MB.

Unloading 20 unused Assets to reduce memory usage. Loaded Objects now: 3074.
Total: 2.788300 ms (FindLiveObjects: 0.353500 ms CreateObjectMapping: 0.086400 ms MarkObjects: 2.205000 ms  DeleteObjects: 0.142000 ms)

========================================================================
Received Import Request.
  Time since last request: 12.143185 seconds.
  path: Assets/Scripts
  artifactKey: Guid(f90bca0b1bee7e54896addbf800a14fc) Importer(815301076,1909f56bfc062723c751e8b465ee728b)
Start importing Assets/Scripts using Guid(f90bca0b1bee7e54896addbf800a14fc) Importer(815301076,1909f56bfc062723c751e8b465ee728b)  -> (artifact id: '242d7cec8759d2ba5a2ee228f69d48f3') in 0.010405 seconds
  Import took 0.014960 seconds .

========================================================================
Received Import Request.
  Time since last request: 0.004042 seconds.
  path: Assets/Scripts
  artifactKey: Guid(f90bca0b1bee7e54896addbf800a14fc) Importer(815301076,1909f56bfc062723c751e8b465ee728b)
Start importing Assets/Scripts using Guid(f90bca0b1bee7e54896addbf800a14fc) Importer(815301076,1909f56bfc062723c751e8b465ee728b)  -> (artifact id: '242d7cec8759d2ba5a2ee228f69d48f3') in 0.001896 seconds
  Import took 0.005994 seconds .

========================================================================
Received Import Request.
  Time since last request: 7.638465 seconds.
  path: Assets/Scripts/ToggleNext.cs
  artifactKey: Guid(861cd1a84d981214ab3de4edbfe6c967) Importer(815301076,1909f56bfc062723c751e8b465ee728b)
Start importing Assets/Scripts/ToggleNext.cs using Guid(861cd1a84d981214ab3de4edbfe6c967) Importer(815301076,1909f56bfc062723c751e8b465ee728b)  -> (artifact id: 'bfff47f6e583d5e0ffbd0170a0fbb132') in 0.006740 seconds
  Import took 0.011019 seconds .

========================================================================
Received Prepare
Registering precompiled user dll's ...
Registered in 0.003640 seconds.
Begin MonoManager ReloadAssembly
Native extension for WindowsStandalone target not found
Native extension for WebGL target not found
Refreshing native plugins compatible for Editor in 1.09 ms, found 6 plugins.
Preloading 1 native plugins for Editor in 0.10 ms.
Error when attempting to update scene info fields. Scene info data may be stale.
UnityEngine.StackTraceUtility:ExtractStackTrace ()
UnityEngine.DebugLogHandler:LogFormat (UnityEngine.LogType,UnityEngine.Object,string,object[])
UnityEngine.Logger:Log (UnityEngine.LogType,object)
UnityEngine.Debug:LogWarning (object)
Microsoft.MixedReality.Toolkit.Editor.SceneInfoUtils:RefreshSceneInfoFieldsInScriptableObjects () (at Library/PackageCache/com.microsoft.mixedreality.toolkit.foundation@3cf52e372918-1619466118454/Core/Inspectors/PropertyDrawers/SceneInfoUtils.cs:313)
Microsoft.MixedReality.Toolkit.Editor.SceneInfoUtils:InitializeOnLoad () (at Library/PackageCache/com.microsoft.mixedreality.toolkit.foundation@3cf52e372918-1619466118454/Core/Inspectors/PropertyDrawers/SceneInfoUtils.cs:231)

(Filename: Library/PackageCache/com.microsoft.mixedreality.toolkit.foundation@3cf52e372918-1619466118454/Core/Inspectors/PropertyDrawers/SceneInfoUtils.cs Line: 313)

Mono: successfully reloaded assembly
- Completed reload, in  1.553 seconds
Platform modules already initialized, skipping
Switching build target platform(5) subTarget(0) extendedPlatform(0) -> platform(21) subTarget(0) extendedPlatform(0)
Refreshing native plugins compatible for Editor in 0.78 ms, found 6 plugins.
Preloading 1 native plugins for Editor in 0.08 ms.
Unloading 2538 Unused Serialized files (Serialized files now loaded: 0)
System memory in use before: 120.8 MB.
System memory in use after: 120.6 MB.

Unloading 19 unused Assets to reduce memory usage. Loaded Objects now: 3079.
Total: 2.756400 ms (FindLiveObjects: 0.343900 ms CreateObjectMapping: 0.076200 ms MarkObjects: 2.204700 ms  DeleteObjects: 0.130200 ms)

========================================================================
Received Prepare
Registering precompiled user dll's ...
Registered in 0.003563 seconds.
Begin MonoManager ReloadAssembly
Native extension for WindowsStandalone target not found
Native extension for WebGL target not found
Refreshing native plugins compatible for Editor in 0.79 ms, found 6 plugins.
Preloading 1 native plugins for Editor in 0.08 ms.
Error when attempting to update scene info fields. Scene info data may be stale.
UnityEngine.StackTraceUtility:ExtractStackTrace ()
UnityEngine.DebugLogHandler:LogFormat (UnityEngine.LogType,UnityEngine.Object,string,object[])
UnityEngine.Logger:Log (UnityEngine.LogType,object)
UnityEngine.Debug:LogWarning (object)
Microsoft.MixedReality.Toolkit.Editor.SceneInfoUtils:RefreshSceneInfoFieldsInScriptableObjects () (at Library/PackageCache/com.microsoft.mixedreality.toolkit.foundation@3cf52e372918-1619466118454/Core/Inspectors/PropertyDrawers/SceneInfoUtils.cs:313)
Microsoft.MixedReality.Toolkit.Editor.SceneInfoUtils:InitializeOnLoad () (at Library/PackageCache/com.microsoft.mixedreality.toolkit.foundation@3cf52e372918-1619466118454/Core/Inspectors/PropertyDrawers/SceneInfoUtils.cs:231)

(Filename: Library/PackageCache/com.microsoft.mixedreality.toolkit.foundation@3cf52e372918-1619466118454/Core/Inspectors/PropertyDrawers/SceneInfoUtils.cs Line: 313)

Mono: successfully reloaded assembly
- Completed reload, in  1.527 seconds
Platform modules already initialized, skipping
Switching build target platform(5) subTarget(0) extendedPlatform(0) -> platform(21) subTarget(0) extendedPlatform(0)
Refreshing native plugins compatible for Editor in 0.77 ms, found 6 plugins.
Preloading 1 native plugins for Editor in 0.07 ms.
Unloading 2538 Unused Serialized files (Serialized files now loaded: 0)
System memory in use before: 120.8 MB.
System memory in use after: 120.7 MB.

Unloading 19 unused Assets to reduce memory usage. Loaded Objects now: 3083.
Total: 2.641500 ms (FindLiveObjects: 0.351000 ms CreateObjectMapping: 0.074400 ms MarkObjects: 2.087600 ms  DeleteObjects: 0.127400 ms)

========================================================================
Received Import Request.
  Time since last request: 127.338669 seconds.
  path: Assets/Scripts/ToggleNext.cs
  artifactKey: Guid(861cd1a84d981214ab3de4edbfe6c967) Importer(815301076,1909f56bfc062723c751e8b465ee728b)
Start importing Assets/Scripts/ToggleNext.cs using Guid(861cd1a84d981214ab3de4edbfe6c967) Importer(815301076,1909f56bfc062723c751e8b465ee728b)  -> (artifact id: 'ebdec2b9a07b4b6ab0d7374cfda8a0bf') in 0.005832 seconds
  Import took 0.010491 seconds .

========================================================================
Received Prepare
Refreshing native plugins compatible for Editor in 1.63 ms, found 6 plugins.
Preloading 1 native plugins for Editor in 0.06 ms.
Unloading 4 Unused Serialized files (Serialized files now loaded: 0)
System memory in use before: 69.0 MB.
System memory in use after: 69.2 MB.

Unloading 4 unused Assets to reduce memory usage. Loaded Objects now: 3083.
Total: 2.790700 ms (FindLiveObjects: 0.343900 ms CreateObjectMapping: 0.072500 ms MarkObjects: 2.303900 ms  DeleteObjects: 0.069000 ms)

========================================================================
Received Prepare
Registering precompiled user dll's ...
Registered in 0.004428 seconds.
Begin MonoManager ReloadAssembly
Native extension for WindowsStandalone target not found
Native extension for WebGL target not found
Refreshing native plugins compatible for Editor in 0.84 ms, found 6 plugins.
Preloading 1 native plugins for Editor in 0.08 ms.
Error when attempting to update scene info fields. Scene info data may be stale.
UnityEngine.StackTraceUtility:ExtractStackTrace ()
UnityEngine.DebugLogHandler:LogFormat (UnityEngine.LogType,UnityEngine.Object,string,object[])
UnityEngine.Logger:Log (UnityEngine.LogType,object)
UnityEngine.Debug:LogWarning (object)
Microsoft.MixedReality.Toolkit.Editor.SceneInfoUtils:RefreshSceneInfoFieldsInScriptableObjects () (at Library/PackageCache/com.microsoft.mixedreality.toolkit.foundation@3cf52e372918-1619466118454/Core/Inspectors/PropertyDrawers/SceneInfoUtils.cs:313)
Microsoft.MixedReality.Toolkit.Editor.SceneInfoUtils:InitializeOnLoad () (at Library/PackageCache/com.microsoft.mixedreality.toolkit.foundation@3cf52e372918-1619466118454/Core/Inspectors/PropertyDrawers/SceneInfoUtils.cs:231)

(Filename: Library/PackageCache/com.microsoft.mixedreality.toolkit.foundation@3cf52e372918-1619466118454/Core/Inspectors/PropertyDrawers/SceneInfoUtils.cs Line: 313)

Mono: successfully reloaded assembly
- Completed reload, in  1.525 seconds
Platform modules already initialized, skipping
Switching build target platform(5) subTarget(0) extendedPlatform(0) -> platform(21) subTarget(0) extendedPlatform(0)
Refreshing native plugins compatible for Editor in 0.79 ms, found 6 plugins.
Preloading 1 native plugins for Editor in 0.07 ms.
Unloading 2538 Unused Serialized files (Serialized files now loaded: 0)
System memory in use before: 120.9 MB.
System memory in use after: 120.7 MB.

Unloading 19 unused Assets to reduce memory usage. Loaded Objects now: 3087.
Total: 3.358300 ms (FindLiveObjects: 0.439400 ms CreateObjectMapping: 0.105200 ms MarkObjects: 2.668000 ms  DeleteObjects: 0.144700 ms)

========================================================================
Received Prepare
Registering precompiled user dll's ...
Registered in 0.003466 seconds.
Begin MonoManager ReloadAssembly
Native extension for WindowsStandalone target not found
Native extension for WebGL target not found
Refreshing native plugins compatible for Editor in 0.79 ms, found 6 plugins.
Preloading 1 native plugins for Editor in 0.07 ms.
Error when attempting to update scene info fields. Scene info data may be stale.
UnityEngine.StackTraceUtility:ExtractStackTrace ()
UnityEngine.DebugLogHandler:LogFormat (UnityEngine.LogType,UnityEngine.Object,string,object[])
UnityEngine.Logger:Log (UnityEngine.LogType,object)
UnityEngine.Debug:LogWarning (object)
Microsoft.MixedReality.Toolkit.Editor.SceneInfoUtils:RefreshSceneInfoFieldsInScriptableObjects () (at Library/PackageCache/com.microsoft.mixedreality.toolkit.foundation@3cf52e372918-1619466118454/Core/Inspectors/PropertyDrawers/SceneInfoUtils.cs:313)
Microsoft.MixedReality.Toolkit.Editor.SceneInfoUtils:InitializeOnLoad () (at Library/PackageCache/com.microsoft.mixedreality.toolkit.foundation@3cf52e372918-1619466118454/Core/Inspectors/PropertyDrawers/SceneInfoUtils.cs:231)

(Filename: Library/PackageCache/com.microsoft.mixedreality.toolkit.foundation@3cf52e372918-1619466118454/Core/Inspectors/PropertyDrawers/SceneInfoUtils.cs Line: 313)

Mono: successfully reloaded assembly
- Completed reload, in  1.520 seconds
Platform modules already initialized, skipping
Switching build target platform(5) subTarget(0) extendedPlatform(0) -> platform(21) subTarget(0) extendedPlatform(0)
Refreshing native plugins compatible for Editor in 0.77 ms, found 6 plugins.
Preloading 1 native plugins for Editor in 0.07 ms.
Unloading 2538 Unused Serialized files (Serialized files now loaded: 0)
System memory in use before: 120.9 MB.
System memory in use after: 120.7 MB.

Unloading 19 unused Assets to reduce memory usage. Loaded Objects now: 3091.
Total: 2.916200 ms (FindLiveObjects: 0.409800 ms CreateObjectMapping: 0.073400 ms MarkObjects: 2.298800 ms  DeleteObjects: 0.132700 ms)

========================================================================
Received Prepare
Refreshing native plugins compatible for Editor in 1.64 ms, found 6 plugins.
Preloading 1 native plugins for Editor in 0.06 ms.
Unloading 4 Unused Serialized files (Serialized files now loaded: 0)
System memory in use before: 69.0 MB.
System memory in use after: 69.2 MB.

Unloading 4 unused Assets to reduce memory usage. Loaded Objects now: 3091.
Total: 4.168400 ms (FindLiveObjects: 0.586300 ms CreateObjectMapping: 0.227500 ms MarkObjects: 3.266800 ms  DeleteObjects: 0.085500 ms)

========================================================================
Received Import Request.
  Time since last request: 2457.976138 seconds.
  path: Assets/Scripts/ToggleNext.cs
  artifactKey: Guid(861cd1a84d981214ab3de4edbfe6c967) Importer(815301076,1909f56bfc062723c751e8b465ee728b)
Start importing Assets/Scripts/ToggleNext.cs using Guid(861cd1a84d981214ab3de4edbfe6c967) Importer(815301076,1909f56bfc062723c751e8b465ee728b)  -> (artifact id: 'cf44dc7ac1d1972a95883131ed21366e') in 0.011175 seconds
  Import took 0.016160 seconds .

========================================================================
Received Import Request.
  Time since last request: 0.018710 seconds.
  path: Assets/Scripts/ToggleNext.cs
  artifactKey: Guid(861cd1a84d981214ab3de4edbfe6c967) Importer(815301076,1909f56bfc062723c751e8b465ee728b)
Start importing Assets/Scripts/ToggleNext.cs using Guid(861cd1a84d981214ab3de4edbfe6c967) Importer(815301076,1909f56bfc062723c751e8b465ee728b)  -> (artifact id: 'cf44dc7ac1d1972a95883131ed21366e') in 0.001819 seconds
  Import took 0.006128 seconds .

========================================================================
Received Prepare
Registering precompiled user dll's ...
Registered in 0.004033 seconds.
Begin MonoManager ReloadAssembly
Native extension for WindowsStandalone target not found
Native extension for WebGL target not found
Refreshing native plugins compatible for Editor in 0.91 ms, found 6 plugins.
Preloading 1 native plugins for Editor in 0.09 ms.
Error when attempting to update scene info fields. Scene info data may be stale.
UnityEngine.StackTraceUtility:ExtractStackTrace ()
UnityEngine.DebugLogHandler:LogFormat (UnityEngine.LogType,UnityEngine.Object,string,object[])
UnityEngine.Logger:Log (UnityEngine.LogType,object)
UnityEngine.Debug:LogWarning (object)
Microsoft.MixedReality.Toolkit.Editor.SceneInfoUtils:RefreshSceneInfoFieldsInScriptableObjects () (at Library/PackageCache/com.microsoft.mixedreality.toolkit.foundation@3cf52e372918-1619466118454/Core/Inspectors/PropertyDrawers/SceneInfoUtils.cs:313)
Microsoft.MixedReality.Toolkit.Editor.SceneInfoUtils:InitializeOnLoad () (at Library/PackageCache/com.microsoft.mixedreality.toolkit.foundation@3cf52e372918-1619466118454/Core/Inspectors/PropertyDrawers/SceneInfoUtils.cs:231)

(Filename: Library/PackageCache/com.microsoft.mixedreality.toolkit.foundation@3cf52e372918-1619466118454/Core/Inspectors/PropertyDrawers/SceneInfoUtils.cs Line: 313)

Mono: successfully reloaded assembly
- Completed reload, in  1.551 seconds
Platform modules already initialized, skipping
Switching build target platform(5) subTarget(0) extendedPlatform(0) -> platform(21) subTarget(0) extendedPlatform(0)
Refreshing native plugins compatible for Editor in 0.79 ms, found 6 plugins.
Preloading 1 native plugins for Editor in 0.07 ms.
Unloading 2538 Unused Serialized files (Serialized files now loaded: 0)
System memory in use before: 120.9 MB.
System memory in use after: 120.7 MB.

Unloading 19 unused Assets to reduce memory usage. Loaded Objects now: 3095.
Total: 2.822700 ms (FindLiveObjects: 0.369900 ms CreateObjectMapping: 0.082900 ms MarkObjects: 2.232400 ms  DeleteObjects: 0.136300 ms)

========================================================================
Received Import Request.
  Time since last request: 156.220576 seconds.
  path: Assets/Scripts/ToggleNext.cs
  artifactKey: Guid(861cd1a84d981214ab3de4edbfe6c967) Importer(815301076,1909f56bfc062723c751e8b465ee728b)
Start importing Assets/Scripts/ToggleNext.cs using Guid(861cd1a84d981214ab3de4edbfe6c967) Importer(815301076,1909f56bfc062723c751e8b465ee728b)  -> (artifact id: '051c19d02b7b743af2976d8d1c8f5c6b') in 0.005979 seconds
  Import took 0.010460 seconds .

========================================================================
Received Prepare
Registering precompiled user dll's ...
Registered in 0.007231 seconds.
Begin MonoManager ReloadAssembly
Native extension for WindowsStandalone target not found
Native extension for WebGL target not found
Refreshing native plugins compatible for Editor in 65.42 ms, found 8 plugins.
Preloading 2 native plugins for Editor in 11.10 ms.
Error when attempting to update scene info fields. Scene info data may be stale.
UnityEngine.StackTraceUtility:ExtractStackTrace ()
UnityEngine.DebugLogHandler:LogFormat (UnityEngine.LogType,UnityEngine.Object,string,object[])
UnityEngine.Logger:Log (UnityEngine.LogType,object)
UnityEngine.Debug:LogWarning (object)
Microsoft.MixedReality.Toolkit.Editor.SceneInfoUtils:RefreshSceneInfoFieldsInScriptableObjects () (at Library/PackageCache/com.microsoft.mixedreality.toolkit.foundation@3cf52e372918-1619466118454/Core/Inspectors/PropertyDrawers/SceneInfoUtils.cs:313)
Microsoft.MixedReality.Toolkit.Editor.SceneInfoUtils:InitializeOnLoad () (at Library/PackageCache/com.microsoft.mixedreality.toolkit.foundation@3cf52e372918-1619466118454/Core/Inspectors/PropertyDrawers/SceneInfoUtils.cs:231)

(Filename: Library/PackageCache/com.microsoft.mixedreality.toolkit.foundation@3cf52e372918-1619466118454/Core/Inspectors/PropertyDrawers/SceneInfoUtils.cs Line: 313)

Mono: successfully reloaded assembly
- Completed reload, in  1.685 seconds
Platform modules already initialized, skipping
Switching build target platform(5) subTarget(0) extendedPlatform(0) -> platform(21) subTarget(0) extendedPlatform(0)
Refreshing native plugins compatible for Editor in 1.29 ms, found 8 plugins.
Preloading 2 native plugins for Editor in 0.11 ms.
Unloading 2837 Unused Serialized files (Serialized files now loaded: 0)
System memory in use before: 131.5 MB.
System memory in use after: 131.3 MB.

Unloading 59 unused Assets to reduce memory usage. Loaded Objects now: 3358.
Total: 3.174100 ms (FindLiveObjects: 0.399000 ms CreateObjectMapping: 0.078400 ms MarkObjects: 2.503400 ms  DeleteObjects: 0.191600 ms)

========================================================================
Received Import Request.
  Time since last request: 306.108037 seconds.
  path: Assets/AzureSpatialAnchors.SDK
  artifactKey: Guid(3dc5a38f722c32b4b84e54ce99000261) Importer(815301076,1909f56bfc062723c751e8b465ee728b)
Start importing Assets/AzureSpatialAnchors.SDK using Guid(3dc5a38f722c32b4b84e54ce99000261) Importer(815301076,1909f56bfc062723c751e8b465ee728b)  -> (artifact id: 'f574dad0587071ad718ccdf80d72a5ef') in 0.012035 seconds
  Import took 0.017167 seconds .

AssetImportWorkerClient::OnTransportError - code=2 error=End of file
