Using pre-set license
Built from '2020.3/staging' branch; Version is '2020.3.4f1 (0abb6314276a) revision 703331'; Using compiler version '192528614'; Build Type 'Release'
OS: 'Windows 10 Education; OS build 19042.928; Version 2009; 64bit' Language: 'en' Physical Memory: 65433 MB
BatchMode: 1, IsHumanControllingUs: 0, StartBugReporterOnCrash: 0, Is64bit: 1, IsPro: 0

 COMMAND LINE ARGUMENTS:
D:\Unity\2020.3.4f1\Editor\Unity.exe
-adb2
-batchMode
-noUpm
-name
AssetImportWorker0
-projectPath
E:/Studio4/DNA/HoloLenseDNA
-logFile
Logs/AssetImportWorker0.log
-srvPort
52080
Successfully changed project path to: E:/Studio4/DNA/HoloLenseDNA
E:/Studio4/DNA/HoloLenseDNA
Using Asset Import Pipeline V2.
Refreshing native plugins compatible for Editor in 61.56 ms, found 6 plugins.
Preloading 1 native plugins for Editor in 1.07 ms.
Initialize engine version: 2020.3.4f1 (0abb6314276a)
[Subsystems] Discovering subsystems at path D:/Unity/2020.3.4f1/Editor/Data/Resources/UnitySubsystems
[Subsystems] Discovering subsystems at path E:/Studio4/DNA/HoloLenseDNA/Assets
GfxDevice: creating device client; threaded=0
Direct3D:
    Version:  Direct3D 11.0 [level 11.1]
    Renderer: NVIDIA GeForce RTX 2080 SUPER (ID=0x1e81)
    Vendor:   
    VRAM:     8010 MB
    Driver:   27.21.14.6172
Initialize mono
Mono path[0] = 'D:/Unity/2020.3.4f1/Editor/Data/Managed'
Mono path[1] = 'D:/Unity/2020.3.4f1/Editor/Data/MonoBleedingEdge/lib/mono/unityjit'
Mono config path = 'D:/Unity/2020.3.4f1/Editor/Data/MonoBleedingEdge/etc'
Using monoOptions --debugger-agent=transport=dt_socket,embedding=1,server=y,suspend=n,address=127.0.0.1:56636
Begin MonoManager ReloadAssembly
Registering precompiled unity dll's ...
Register platform support module: D:/Unity/2020.3.4f1/Editor/Data/PlaybackEngines/WebGLSupport/UnityEditor.WebGL.Extensions.dll
Register platform support module: D:/Unity/2020.3.4f1/Editor/Data/PlaybackEngines/WindowsStandaloneSupport/UnityEditor.WindowsStandalone.Extensions.dll
Registered in 0.001659 seconds.
Native extension for WindowsStandalone target not found
Native extension for WebGL target not found
Refreshing native plugins compatible for Editor in 56.10 ms, found 6 plugins.
Preloading 1 native plugins for Editor in 0.09 ms.
Mono: successfully reloaded assembly
- Completed reload, in  2.725 seconds
Platform modules already initialized, skipping
Registering precompiled user dll's ...
Registered in 0.003659 seconds.
Begin MonoManager ReloadAssembly
Native extension for WindowsStandalone target not found
Native extension for WebGL target not found
Refreshing native plugins compatible for Editor in 55.95 ms, found 6 plugins.
Preloading 1 native plugins for Editor in 0.08 ms.
Mono: successfully reloaded assembly
- Completed reload, in  1.682 seconds
Platform modules already initialized, skipping
========================================================================
Worker process is ready to serve import requests
Launched and connected shader compiler UnityShaderCompiler.exe after 0.07 seconds
Refreshing native plugins compatible for Editor in 0.79 ms, found 6 plugins.
Preloading 1 native plugins for Editor in 0.07 ms.
Unloading 2558 Unused Serialized files (Serialized files now loaded: 0)
System memory in use before: 107.1 MB.
System memory in use after: 107.0 MB.

Unloading 28 unused Assets to reduce memory usage. Loaded Objects now: 2993.
Total: 3.063400 ms (FindLiveObjects: 0.343900 ms CreateObjectMapping: 0.076400 ms MarkObjects: 2.425200 ms  DeleteObjects: 0.216300 ms)

========================================================================
Received Import Request.
  path: Assets/Prefab
  artifactKey: Guid(79c272cfbab28a640ac4bff362e47d77) Importer(815301076,1909f56bfc062723c751e8b465ee728b)
Start importing Assets/Prefab using Guid(79c272cfbab28a640ac4bff362e47d77) Importer(815301076,1909f56bfc062723c751e8b465ee728b)  -> (artifact id: '7f9243069638539e510dde90738ebccc') in 0.011211 seconds
  Import took 0.015579 seconds .

========================================================================
Received Import Request.
  Time since last request: 2823.411862 seconds.
  path: Assets/Prefab/1dcg.obj
  artifactKey: Guid(dcca005d3895f3044af352fb4042ad1b) Importer(815301076,1909f56bfc062723c751e8b465ee728b)
Start importing Assets/Prefab/1dcg.obj using Guid(dcca005d3895f3044af352fb4042ad1b) Importer(815301076,1909f56bfc062723c751e8b465ee728b)  -> (artifact id: 'c34e4212314d35541fda64cc0453ce44') in 0.443318 seconds
  Import took 0.451163 seconds .

========================================================================
Received Import Request.
  Time since last request: 0.000236 seconds.
  path: Assets/Prefab/Z-DNA.obj
  artifactKey: Guid(5a90a1991c3ad7f4f86da78537d0e52a) Importer(815301076,1909f56bfc062723c751e8b465ee728b)
Start importing Assets/Prefab/Z-DNA.obj using Guid(5a90a1991c3ad7f4f86da78537d0e52a) Importer(815301076,1909f56bfc062723c751e8b465ee728b)  -> (artifact id: '573badb71f3c0f2c5e0328053a52d947') in 0.022322 seconds
  Import took 0.026438 seconds .

========================================================================
Received Import Request.
  Time since last request: 0.000232 seconds.
  path: Assets/Prefab/B-DNA.obj
  artifactKey: Guid(85361e7a854c0cf42aa7131db99e49b8) Importer(815301076,1909f56bfc062723c751e8b465ee728b)
Start importing Assets/Prefab/B-DNA.obj using Guid(85361e7a854c0cf42aa7131db99e49b8) Importer(815301076,1909f56bfc062723c751e8b465ee728b)  -> (artifact id: '43b2736e7749abcd478a8d6fbe8c555a') in 0.020065 seconds
  Import took 0.023760 seconds .

========================================================================
Received Import Request.
  Time since last request: 0.000227 seconds.
  path: Assets/Prefab/2d47.obj
  artifactKey: Guid(6aae01d3350f8ab4897048ba73781399) Importer(815301076,1909f56bfc062723c751e8b465ee728b)
Start importing Assets/Prefab/2d47.obj using Guid(6aae01d3350f8ab4897048ba73781399) Importer(815301076,1909f56bfc062723c751e8b465ee728b)  -> (artifact id: '3f0652f484f1ae4b3e84554f3ad231a8') in 0.116635 seconds
  Import took 0.125863 seconds .

========================================================================
Received Import Request.
  Time since last request: 0.000230 seconds.
  path: Assets/Prefab/355d.obj
  artifactKey: Guid(a3f9b98c10179714f940267615906df6) Importer(815301076,1909f56bfc062723c751e8b465ee728b)
Start importing Assets/Prefab/355d.obj using Guid(a3f9b98c10179714f940267615906df6) Importer(815301076,1909f56bfc062723c751e8b465ee728b)  -> (artifact id: '64a5652ad511e40ad05589dce92859a3') in 0.135883 seconds
  Import took 0.146001 seconds .

========================================================================
Received Import Request.
  Time since last request: 0.000248 seconds.
  path: Assets/Prefab/A-DNA.obj
  artifactKey: Guid(61ba451228115ba4d887362573258c22) Importer(815301076,1909f56bfc062723c751e8b465ee728b)
Start importing Assets/Prefab/A-DNA.obj using Guid(61ba451228115ba4d887362573258c22) Importer(815301076,1909f56bfc062723c751e8b465ee728b)  -> (artifact id: 'b4896e8893ee737c6e47c01b3a78f48c') in 0.029167 seconds
  Import took 0.033371 seconds .

========================================================================
Received Import Request.
  Time since last request: 72787.392365 seconds.
  path: Assets/MRTK
  artifactKey: Guid(6df8e8cb3dba292489ee3884189d8edc) Importer(815301076,1909f56bfc062723c751e8b465ee728b)
Start importing Assets/MRTK using Guid(6df8e8cb3dba292489ee3884189d8edc) Importer(815301076,1909f56bfc062723c751e8b465ee728b)  -> (artifact id: '81f049e8721a58752ff81287d5dbe922') in 0.006514 seconds
  Import took 0.010849 seconds .

========================================================================
Received Prepare
Registering precompiled user dll's ...
Registered in 0.530440 seconds.
Begin MonoManager ReloadAssembly
Native extension for WindowsStandalone target not found
Native extension for WebGL target not found
Refreshing native plugins compatible for Editor in 0.79 ms, found 6 plugins.
Preloading 1 native plugins for Editor in 0.07 ms.
Error when attempting to update scene info fields. Scene info data may be stale.
UnityEngine.StackTraceUtility:ExtractStackTrace ()
UnityEngine.DebugLogHandler:LogFormat (UnityEngine.LogType,UnityEngine.Object,string,object[])
UnityEngine.Logger:Log (UnityEngine.LogType,object)
UnityEngine.Debug:LogWarning (object)
Microsoft.MixedReality.Toolkit.Editor.SceneInfoUtils:RefreshSceneInfoFieldsInScriptableObjects () (at Library/PackageCache/com.microsoft.mixedreality.toolkit.foundation@d49f60ed3b63-1619466118454/Core/Inspectors/PropertyDrawers/SceneInfoUtils.cs:313)
Microsoft.MixedReality.Toolkit.Editor.SceneInfoUtils:InitializeOnLoad () (at Library/PackageCache/com.microsoft.mixedreality.toolkit.foundation@d49f60ed3b63-1619466118454/Core/Inspectors/PropertyDrawers/SceneInfoUtils.cs:231)

(Filename: Library/PackageCache/com.microsoft.mixedreality.toolkit.foundation@d49f60ed3b63-1619466118454/Core/Inspectors/PropertyDrawers/SceneInfoUtils.cs Line: 313)

Mono: successfully reloaded assembly
- Completed reload, in  1.435 seconds
Platform modules already initialized, skipping
Switching build target platform(5) subTarget(0) extendedPlatform(0) -> platform(21) subTarget(0) extendedPlatform(0)
Refreshing native plugins compatible for Editor in 0.79 ms, found 6 plugins.
Preloading 1 native plugins for Editor in 0.06 ms.
Unloading 2508 Unused Serialized files (Serialized files now loaded: 0)
System memory in use before: 107.2 MB.
System memory in use after: 107.1 MB.

Unloading 19 unused Assets to reduce memory usage. Loaded Objects now: 3044.
Total: 2.550600 ms (FindLiveObjects: 0.325000 ms CreateObjectMapping: 0.073500 ms MarkObjects: 2.029900 ms  DeleteObjects: 0.121300 ms)

AssetImportWorkerClient::OnTransportError - code=2 error=End of file
